2016-12-04 22:11:49 INFO  DefaultTestContextBootstrapper:259 - Loaded default TestExecutionListener class names from location [META-INF/spring.factories]: [org.springframework.test.context.web.ServletTestExecutionListener, org.springframework.test.context.support.DirtiesContextBeforeModesTestExecutionListener, org.springframework.test.context.support.DependencyInjectionTestExecutionListener, org.springframework.test.context.support.DirtiesContextTestExecutionListener, org.springframework.test.context.transaction.TransactionalTestExecutionListener, org.springframework.test.context.jdbc.SqlScriptsTestExecutionListener]
2016-12-04 22:11:49 INFO  DefaultTestContextBootstrapper:207 - Could not instantiate TestExecutionListener [org.springframework.test.context.web.ServletTestExecutionListener]. Specify custom listener classes or make the default listener classes (and their required dependencies) available. Offending class: [org/springframework/web/context/request/RequestAttributes]
2016-12-04 22:11:49 INFO  DefaultTestContextBootstrapper:185 - Using TestExecutionListeners: [org.springframework.test.context.support.DirtiesContextBeforeModesTestExecutionListener@670002, org.springframework.test.context.support.DependencyInjectionTestExecutionListener@1f0f1111, org.springframework.test.context.support.DirtiesContextTestExecutionListener@49c386c8, org.springframework.test.context.transaction.TransactionalTestExecutionListener@56528192, org.springframework.test.context.jdbc.SqlScriptsTestExecutionListener@6e0dec4a]
2016-12-04 22:11:50 INFO  XmlBeanDefinitionReader:317 - Loading XML bean definitions from class path resource [app-test-context.xml]
2016-12-04 22:11:52 INFO  GenericApplicationContext:578 - Refreshing org.springframework.context.support.GenericApplicationContext@76508ed1: startup date [Sun Dec 04 22:11:52 EET 2016]; root of context hierarchy
2016-12-04 22:11:53 INFO  PropertyPlaceholderConfigurer:172 - Loading properties file from class path resource [db-test.properties]
2016-12-04 22:11:54 INFO  DriverManagerDataSource:133 - Loaded JDBC driver: com.mysql.jdbc.Driver
2016-12-04 22:11:55 INFO  LocalContainerEntityManagerFactoryBean:339 - Building JPA container EntityManagerFactory for persistence unit 'default'
2016-12-04 22:11:56 INFO  Version:37 - HCANN000001: Hibernate Commons Annotations {4.0.1.Final}
2016-12-04 22:11:56 INFO  Version:41 - HHH000412: Hibernate Core {4.2.1.Final}
2016-12-04 22:11:56 INFO  Environment:239 - HHH000206: hibernate.properties not found
2016-12-04 22:11:56 INFO  Environment:342 - HHH000021: Bytecode provider name : javassist
2016-12-04 22:11:56 INFO  Ejb3Configuration:528 - HHH000204: Processing PersistenceUnitInfo [
	name: default
	...]
2016-12-04 22:12:00 INFO  ConnectionProviderInitiator:188 - HHH000130: Instantiating explicit connection provider: org.hibernate.ejb.connection.InjectedDataSourceConnectionProvider
2016-12-04 22:12:05 INFO  Dialect:128 - HHH000400: Using dialect: org.hibernate.dialect.MySQL5Dialect
2016-12-04 22:12:05 INFO  TransactionFactoryInitiator:73 - HHH000268: Transaction strategy: org.hibernate.engine.transaction.internal.jdbc.JdbcTransactionFactory
2016-12-04 22:12:05 INFO  ASTQueryTranslatorFactory:48 - HHH000397: Using ASTQueryTranslatorFactory
2016-12-04 22:12:06 INFO  SchemaUpdate:182 - HHH000228: Running hbm2ddl schema update
2016-12-04 22:12:06 INFO  SchemaUpdate:193 - HHH000102: Fetching database metadata
2016-12-04 22:12:06 INFO  SchemaUpdate:205 - HHH000396: Updating schema
2016-12-04 22:12:06 INFO  DatabaseMetaData:146 - HHH000262: Table not found: authors
2016-12-04 22:12:06 INFO  DatabaseMetaData:146 - HHH000262: Table not found: bookauthors
2016-12-04 22:12:06 INFO  DatabaseMetaData:146 - HHH000262: Table not found: books
2016-12-04 22:12:06 INFO  DatabaseMetaData:146 - HHH000262: Table not found: authors
2016-12-04 22:12:06 INFO  DatabaseMetaData:146 - HHH000262: Table not found: bookauthors
2016-12-04 22:12:06 INFO  DatabaseMetaData:146 - HHH000262: Table not found: books
2016-12-04 22:12:17 INFO  SchemaUpdate:242 - HHH000232: Schema update complete
2016-12-04 22:12:18 WARN  GenericApplicationContext:546 - Exception encountered during context initialization - cancelling refresh attempt: org.springframework.beans.factory.BeanCreationException: Error creating bean with name 'adminController': Injection of autowired dependencies failed; nested exception is org.springframework.beans.factory.BeanCreationException: Could not autowire field: private dao.interfaces.AuthorDAO service.AdminController.authorDAO; nested exception is org.springframework.beans.factory.NoSuchBeanDefinitionException: No qualifying bean of type [dao.interfaces.AuthorDAO] found for dependency: expected at least 1 bean which qualifies as autowire candidate for this dependency. Dependency annotations: {@org.springframework.beans.factory.annotation.Autowired(required=true)}
2016-12-04 22:12:18 INFO  LocalContainerEntityManagerFactoryBean:462 - Closing JPA EntityManagerFactory for persistence unit 'default'
2016-12-04 22:12:18 ERROR TestContextManager:231 - Caught exception while allowing TestExecutionListener [org.springframework.test.context.support.DependencyInjectionTestExecutionListener@1f0f1111] to prepare test instance [TestAdminController@529c2a9a]
java.lang.IllegalStateException: Failed to load ApplicationContext
	at org.springframework.test.context.cache.DefaultCacheAwareContextLoaderDelegate.loadContext(DefaultCacheAwareContextLoaderDelegate.java:124)
	at org.springframework.test.context.support.DefaultTestContext.getApplicationContext(DefaultTestContext.java:83)
	at org.springframework.test.context.support.DependencyInjectionTestExecutionListener.injectDependencies(DependencyInjectionTestExecutionListener.java:117)
	at org.springframework.test.context.support.DependencyInjectionTestExecutionListener.prepareTestInstance(DependencyInjectionTestExecutionListener.java:83)
	at org.springframework.test.context.TestContextManager.prepareTestInstance(TestContextManager.java:228)
	at org.springframework.test.context.junit4.SpringJUnit4ClassRunner.createTest(SpringJUnit4ClassRunner.java:230)
	at org.springframework.test.context.junit4.SpringJUnit4ClassRunner$1.runReflectiveCall(SpringJUnit4ClassRunner.java:289)
	at org.junit.internal.runners.model.ReflectiveCallable.run(ReflectiveCallable.java:12)
	at org.springframework.test.context.junit4.SpringJUnit4ClassRunner.methodBlock(SpringJUnit4ClassRunner.java:291)
	at org.springframework.test.context.junit4.SpringJUnit4ClassRunner.runChild(SpringJUnit4ClassRunner.java:249)
	at org.springframework.test.context.junit4.SpringJUnit4ClassRunner.runChild(SpringJUnit4ClassRunner.java:89)
	at org.junit.runners.ParentRunner$3.run(ParentRunner.java:238)
	at org.junit.runners.ParentRunner$1.schedule(ParentRunner.java:63)
	at org.junit.runners.ParentRunner.runChildren(ParentRunner.java:236)
	at org.junit.runners.ParentRunner.access$000(ParentRunner.java:53)
	at org.junit.runners.ParentRunner$2.evaluate(ParentRunner.java:229)
	at org.springframework.test.context.junit4.statements.RunBeforeTestClassCallbacks.evaluate(RunBeforeTestClassCallbacks.java:61)
	at org.springframework.test.context.junit4.statements.RunAfterTestClassCallbacks.evaluate(RunAfterTestClassCallbacks.java:70)
	at org.junit.runners.ParentRunner.run(ParentRunner.java:309)
	at org.springframework.test.context.junit4.SpringJUnit4ClassRunner.run(SpringJUnit4ClassRunner.java:193)
	at org.junit.runner.JUnitCore.run(JUnitCore.java:160)
	at com.intellij.junit4.JUnit4IdeaTestRunner.startRunnerWithArgs(JUnit4IdeaTestRunner.java:117)
	at com.intellij.junit4.JUnit4IdeaTestRunner.startRunnerWithArgs(JUnit4IdeaTestRunner.java:42)
	at com.intellij.rt.execution.junit.JUnitStarter.prepareStreamsAndStart(JUnitStarter.java:262)
	at com.intellij.rt.execution.junit.JUnitStarter.main(JUnitStarter.java:84)
Caused by: org.springframework.beans.factory.BeanCreationException: Error creating bean with name 'adminController': Injection of autowired dependencies failed; nested exception is org.springframework.beans.factory.BeanCreationException: Could not autowire field: private dao.interfaces.AuthorDAO service.AdminController.authorDAO; nested exception is org.springframework.beans.factory.NoSuchBeanDefinitionException: No qualifying bean of type [dao.interfaces.AuthorDAO] found for dependency: expected at least 1 bean which qualifies as autowire candidate for this dependency. Dependency annotations: {@org.springframework.beans.factory.annotation.Autowired(required=true)}
	at org.springframework.beans.factory.annotation.AutowiredAnnotationBeanPostProcessor.postProcessPropertyValues(AutowiredAnnotationBeanPostProcessor.java:334)
	at org.springframework.beans.factory.support.AbstractAutowireCapableBeanFactory.populateBean(AbstractAutowireCapableBeanFactory.java:1214)
	at org.springframework.beans.factory.support.AbstractAutowireCapableBeanFactory.doCreateBean(AbstractAutowireCapableBeanFactory.java:543)
	at org.springframework.beans.factory.support.AbstractAutowireCapableBeanFactory.createBean(AbstractAutowireCapableBeanFactory.java:482)
	at org.springframework.beans.factory.support.AbstractBeanFactory$1.getObject(AbstractBeanFactory.java:306)
	at org.springframework.beans.factory.support.DefaultSingletonBeanRegistry.getSingleton(DefaultSingletonBeanRegistry.java:230)
	at org.springframework.beans.factory.support.AbstractBeanFactory.doGetBean(AbstractBeanFactory.java:302)
	at org.springframework.beans.factory.support.AbstractBeanFactory.getBean(AbstractBeanFactory.java:197)
	at org.springframework.beans.factory.support.DefaultListableBeanFactory.preInstantiateSingletons(DefaultListableBeanFactory.java:772)
	at org.springframework.context.support.AbstractApplicationContext.finishBeanFactoryInitialization(AbstractApplicationContext.java:839)
	at org.springframework.context.support.AbstractApplicationContext.refresh(AbstractApplicationContext.java:538)
	at org.springframework.test.context.support.AbstractGenericContextLoader.loadContext(AbstractGenericContextLoader.java:125)
	at org.springframework.test.context.support.AbstractGenericContextLoader.loadContext(AbstractGenericContextLoader.java:60)
	at org.springframework.test.context.support.AbstractDelegatingSmartContextLoader.delegateLoading(AbstractDelegatingSmartContextLoader.java:109)
	at org.springframework.test.context.support.AbstractDelegatingSmartContextLoader.loadContext(AbstractDelegatingSmartContextLoader.java:261)
	at org.springframework.test.context.cache.DefaultCacheAwareContextLoaderDelegate.loadContextInternal(DefaultCacheAwareContextLoaderDelegate.java:98)
	at org.springframework.test.context.cache.DefaultCacheAwareContextLoaderDelegate.loadContext(DefaultCacheAwareContextLoaderDelegate.java:116)
	... 24 more
Caused by: org.springframework.beans.factory.BeanCreationException: Could not autowire field: private dao.interfaces.AuthorDAO service.AdminController.authorDAO; nested exception is org.springframework.beans.factory.NoSuchBeanDefinitionException: No qualifying bean of type [dao.interfaces.AuthorDAO] found for dependency: expected at least 1 bean which qualifies as autowire candidate for this dependency. Dependency annotations: {@org.springframework.beans.factory.annotation.Autowired(required=true)}
	at org.springframework.beans.factory.annotation.AutowiredAnnotationBeanPostProcessor$AutowiredFieldElement.inject(AutowiredAnnotationBeanPostProcessor.java:573)
	at org.springframework.beans.factory.annotation.InjectionMetadata.inject(InjectionMetadata.java:88)
	at org.springframework.beans.factory.annotation.AutowiredAnnotationBeanPostProcessor.postProcessPropertyValues(AutowiredAnnotationBeanPostProcessor.java:331)
	... 40 more
Caused by: org.springframework.beans.factory.NoSuchBeanDefinitionException: No qualifying bean of type [dao.interfaces.AuthorDAO] found for dependency: expected at least 1 bean which qualifies as autowire candidate for this dependency. Dependency annotations: {@org.springframework.beans.factory.annotation.Autowired(required=true)}
	at org.springframework.beans.factory.support.DefaultListableBeanFactory.raiseNoSuchBeanDefinitionException(DefaultListableBeanFactory.java:1373)
	at org.springframework.beans.factory.support.DefaultListableBeanFactory.doResolveDependency(DefaultListableBeanFactory.java:1119)
	at org.springframework.beans.factory.support.DefaultListableBeanFactory.resolveDependency(DefaultListableBeanFactory.java:1014)
	at org.springframework.beans.factory.annotation.AutowiredAnnotationBeanPostProcessor$AutowiredFieldElement.inject(AutowiredAnnotationBeanPostProcessor.java:545)
	... 42 more
2016-12-04 22:13:37 INFO  DefaultTestContextBootstrapper:259 - Loaded default TestExecutionListener class names from location [META-INF/spring.factories]: [org.springframework.test.context.web.ServletTestExecutionListener, org.springframework.test.context.support.DirtiesContextBeforeModesTestExecutionListener, org.springframework.test.context.support.DependencyInjectionTestExecutionListener, org.springframework.test.context.support.DirtiesContextTestExecutionListener, org.springframework.test.context.transaction.TransactionalTestExecutionListener, org.springframework.test.context.jdbc.SqlScriptsTestExecutionListener]
2016-12-04 22:13:37 INFO  DefaultTestContextBootstrapper:207 - Could not instantiate TestExecutionListener [org.springframework.test.context.web.ServletTestExecutionListener]. Specify custom listener classes or make the default listener classes (and their required dependencies) available. Offending class: [org/springframework/web/context/request/RequestAttributes]
2016-12-04 22:13:37 INFO  DefaultTestContextBootstrapper:185 - Using TestExecutionListeners: [org.springframework.test.context.support.DirtiesContextBeforeModesTestExecutionListener@1f0f1111, org.springframework.test.context.support.DependencyInjectionTestExecutionListener@49c386c8, org.springframework.test.context.support.DirtiesContextTestExecutionListener@56528192, org.springframework.test.context.transaction.TransactionalTestExecutionListener@6e0dec4a, org.springframework.test.context.jdbc.SqlScriptsTestExecutionListener@96def03]
2016-12-04 22:13:38 INFO  XmlBeanDefinitionReader:317 - Loading XML bean definitions from class path resource [app-test-context.xml]
2016-12-04 22:13:39 INFO  GenericApplicationContext:578 - Refreshing org.springframework.context.support.GenericApplicationContext@41e36e46: startup date [Sun Dec 04 22:13:39 EET 2016]; root of context hierarchy
2016-12-04 22:13:40 INFO  PropertyPlaceholderConfigurer:172 - Loading properties file from class path resource [db-test.properties]
2016-12-04 22:13:40 INFO  DriverManagerDataSource:133 - Loaded JDBC driver: com.mysql.jdbc.Driver
2016-12-04 22:13:41 INFO  LocalContainerEntityManagerFactoryBean:339 - Building JPA container EntityManagerFactory for persistence unit 'default'
2016-12-04 22:13:41 INFO  Version:37 - HCANN000001: Hibernate Commons Annotations {4.0.1.Final}
2016-12-04 22:13:41 INFO  Version:41 - HHH000412: Hibernate Core {4.2.1.Final}
2016-12-04 22:13:41 INFO  Environment:239 - HHH000206: hibernate.properties not found
2016-12-04 22:13:41 INFO  Environment:342 - HHH000021: Bytecode provider name : javassist
2016-12-04 22:13:41 INFO  Ejb3Configuration:528 - HHH000204: Processing PersistenceUnitInfo [
	name: default
	...]
2016-12-04 22:13:42 INFO  ConnectionProviderInitiator:188 - HHH000130: Instantiating explicit connection provider: org.hibernate.ejb.connection.InjectedDataSourceConnectionProvider
2016-12-04 22:13:43 INFO  Dialect:128 - HHH000400: Using dialect: org.hibernate.dialect.MySQL5Dialect
2016-12-04 22:13:43 INFO  TransactionFactoryInitiator:73 - HHH000268: Transaction strategy: org.hibernate.engine.transaction.internal.jdbc.JdbcTransactionFactory
2016-12-04 22:13:43 INFO  ASTQueryTranslatorFactory:48 - HHH000397: Using ASTQueryTranslatorFactory
2016-12-04 22:13:44 INFO  SchemaUpdate:182 - HHH000228: Running hbm2ddl schema update
2016-12-04 22:13:44 INFO  SchemaUpdate:193 - HHH000102: Fetching database metadata
2016-12-04 22:13:44 INFO  SchemaUpdate:205 - HHH000396: Updating schema
2016-12-04 22:13:44 INFO  TableMetadata:65 - HHH000261: Table found: libraryonline.authors
2016-12-04 22:13:44 INFO  TableMetadata:66 - HHH000037: Columns: [name, id]
2016-12-04 22:13:44 INFO  TableMetadata:68 - HHH000108: Foreign keys: []
2016-12-04 22:13:44 INFO  TableMetadata:69 - HHH000126: Indexes: [primary]
2016-12-04 22:13:44 INFO  TableMetadata:65 - HHH000261: Table found: libraryonline.bookauthors
2016-12-04 22:13:44 INFO  TableMetadata:66 - HHH000037: Columns: [book_id, author_id]
2016-12-04 22:13:44 INFO  TableMetadata:68 - HHH000108: Foreign keys: [fk_e1e0107b539640bfb024a98b0b1, fk_4c1ca14aac6b460fbdbc4471ab8]
2016-12-04 22:13:44 INFO  TableMetadata:69 - HHH000126: Indexes: [fk_e1e0107b539640bfb024a98b0b1, fk_4c1ca14aac6b460fbdbc4471ab8]
2016-12-04 22:13:44 INFO  TableMetadata:65 - HHH000261: Table found: libraryonline.books
2016-12-04 22:13:44 INFO  TableMetadata:66 - HHH000037: Columns: [name, id]
2016-12-04 22:13:44 INFO  TableMetadata:68 - HHH000108: Foreign keys: []
2016-12-04 22:13:44 INFO  TableMetadata:69 - HHH000126: Indexes: [primary]
2016-12-04 22:13:44 INFO  SchemaUpdate:242 - HHH000232: Schema update complete
2016-12-04 22:13:45 WARN  GenericApplicationContext:546 - Exception encountered during context initialization - cancelling refresh attempt: org.springframework.beans.factory.BeanCreationException: Error creating bean with name 'adminController': Injection of autowired dependencies failed; nested exception is org.springframework.beans.factory.BeanCreationException: Could not autowire field: private dao.interfaces.AuthorDAO service.AdminController.authorDAO; nested exception is org.springframework.beans.factory.NoSuchBeanDefinitionException: No qualifying bean of type [dao.interfaces.AuthorDAO] found for dependency: expected at least 1 bean which qualifies as autowire candidate for this dependency. Dependency annotations: {@org.springframework.beans.factory.annotation.Autowired(required=true)}
2016-12-04 22:13:45 INFO  LocalContainerEntityManagerFactoryBean:462 - Closing JPA EntityManagerFactory for persistence unit 'default'
2016-12-04 22:13:45 ERROR TestContextManager:231 - Caught exception while allowing TestExecutionListener [org.springframework.test.context.support.DependencyInjectionTestExecutionListener@49c386c8] to prepare test instance [TestAdminController@2d64160c]
java.lang.IllegalStateException: Failed to load ApplicationContext
	at org.springframework.test.context.cache.DefaultCacheAwareContextLoaderDelegate.loadContext(DefaultCacheAwareContextLoaderDelegate.java:124)
	at org.springframework.test.context.support.DefaultTestContext.getApplicationContext(DefaultTestContext.java:83)
	at org.springframework.test.context.support.DependencyInjectionTestExecutionListener.injectDependencies(DependencyInjectionTestExecutionListener.java:117)
	at org.springframework.test.context.support.DependencyInjectionTestExecutionListener.prepareTestInstance(DependencyInjectionTestExecutionListener.java:83)
	at org.springframework.test.context.TestContextManager.prepareTestInstance(TestContextManager.java:228)
	at org.springframework.test.context.junit4.SpringJUnit4ClassRunner.createTest(SpringJUnit4ClassRunner.java:230)
	at org.springframework.test.context.junit4.SpringJUnit4ClassRunner$1.runReflectiveCall(SpringJUnit4ClassRunner.java:289)
	at org.junit.internal.runners.model.ReflectiveCallable.run(ReflectiveCallable.java:12)
	at org.springframework.test.context.junit4.SpringJUnit4ClassRunner.methodBlock(SpringJUnit4ClassRunner.java:291)
	at org.springframework.test.context.junit4.SpringJUnit4ClassRunner.runChild(SpringJUnit4ClassRunner.java:249)
	at org.springframework.test.context.junit4.SpringJUnit4ClassRunner.runChild(SpringJUnit4ClassRunner.java:89)
	at org.junit.runners.ParentRunner$3.run(ParentRunner.java:238)
	at org.junit.runners.ParentRunner$1.schedule(ParentRunner.java:63)
	at org.junit.runners.ParentRunner.runChildren(ParentRunner.java:236)
	at org.junit.runners.ParentRunner.access$000(ParentRunner.java:53)
	at org.junit.runners.ParentRunner$2.evaluate(ParentRunner.java:229)
	at org.springframework.test.context.junit4.statements.RunBeforeTestClassCallbacks.evaluate(RunBeforeTestClassCallbacks.java:61)
	at org.springframework.test.context.junit4.statements.RunAfterTestClassCallbacks.evaluate(RunAfterTestClassCallbacks.java:70)
	at org.junit.runners.ParentRunner.run(ParentRunner.java:309)
	at org.springframework.test.context.junit4.SpringJUnit4ClassRunner.run(SpringJUnit4ClassRunner.java:193)
	at org.junit.runner.JUnitCore.run(JUnitCore.java:160)
	at com.intellij.junit4.JUnit4IdeaTestRunner.startRunnerWithArgs(JUnit4IdeaTestRunner.java:117)
	at com.intellij.junit4.JUnit4IdeaTestRunner.startRunnerWithArgs(JUnit4IdeaTestRunner.java:42)
	at com.intellij.rt.execution.junit.JUnitStarter.prepareStreamsAndStart(JUnitStarter.java:262)
	at com.intellij.rt.execution.junit.JUnitStarter.main(JUnitStarter.java:84)
Caused by: org.springframework.beans.factory.BeanCreationException: Error creating bean with name 'adminController': Injection of autowired dependencies failed; nested exception is org.springframework.beans.factory.BeanCreationException: Could not autowire field: private dao.interfaces.AuthorDAO service.AdminController.authorDAO; nested exception is org.springframework.beans.factory.NoSuchBeanDefinitionException: No qualifying bean of type [dao.interfaces.AuthorDAO] found for dependency: expected at least 1 bean which qualifies as autowire candidate for this dependency. Dependency annotations: {@org.springframework.beans.factory.annotation.Autowired(required=true)}
	at org.springframework.beans.factory.annotation.AutowiredAnnotationBeanPostProcessor.postProcessPropertyValues(AutowiredAnnotationBeanPostProcessor.java:334)
	at org.springframework.beans.factory.support.AbstractAutowireCapableBeanFactory.populateBean(AbstractAutowireCapableBeanFactory.java:1214)
	at org.springframework.beans.factory.support.AbstractAutowireCapableBeanFactory.doCreateBean(AbstractAutowireCapableBeanFactory.java:543)
	at org.springframework.beans.factory.support.AbstractAutowireCapableBeanFactory.createBean(AbstractAutowireCapableBeanFactory.java:482)
	at org.springframework.beans.factory.support.AbstractBeanFactory$1.getObject(AbstractBeanFactory.java:306)
	at org.springframework.beans.factory.support.DefaultSingletonBeanRegistry.getSingleton(DefaultSingletonBeanRegistry.java:230)
	at org.springframework.beans.factory.support.AbstractBeanFactory.doGetBean(AbstractBeanFactory.java:302)
	at org.springframework.beans.factory.support.AbstractBeanFactory.getBean(AbstractBeanFactory.java:197)
	at org.springframework.beans.factory.support.DefaultListableBeanFactory.preInstantiateSingletons(DefaultListableBeanFactory.java:772)
	at org.springframework.context.support.AbstractApplicationContext.finishBeanFactoryInitialization(AbstractApplicationContext.java:839)
	at org.springframework.context.support.AbstractApplicationContext.refresh(AbstractApplicationContext.java:538)
	at org.springframework.test.context.support.AbstractGenericContextLoader.loadContext(AbstractGenericContextLoader.java:125)
	at org.springframework.test.context.support.AbstractGenericContextLoader.loadContext(AbstractGenericContextLoader.java:60)
	at org.springframework.test.context.support.AbstractDelegatingSmartContextLoader.delegateLoading(AbstractDelegatingSmartContextLoader.java:109)
	at org.springframework.test.context.support.AbstractDelegatingSmartContextLoader.loadContext(AbstractDelegatingSmartContextLoader.java:261)
	at org.springframework.test.context.cache.DefaultCacheAwareContextLoaderDelegate.loadContextInternal(DefaultCacheAwareContextLoaderDelegate.java:98)
	at org.springframework.test.context.cache.DefaultCacheAwareContextLoaderDelegate.loadContext(DefaultCacheAwareContextLoaderDelegate.java:116)
	... 24 more
Caused by: org.springframework.beans.factory.BeanCreationException: Could not autowire field: private dao.interfaces.AuthorDAO service.AdminController.authorDAO; nested exception is org.springframework.beans.factory.NoSuchBeanDefinitionException: No qualifying bean of type [dao.interfaces.AuthorDAO] found for dependency: expected at least 1 bean which qualifies as autowire candidate for this dependency. Dependency annotations: {@org.springframework.beans.factory.annotation.Autowired(required=true)}
	at org.springframework.beans.factory.annotation.AutowiredAnnotationBeanPostProcessor$AutowiredFieldElement.inject(AutowiredAnnotationBeanPostProcessor.java:573)
	at org.springframework.beans.factory.annotation.InjectionMetadata.inject(InjectionMetadata.java:88)
	at org.springframework.beans.factory.annotation.AutowiredAnnotationBeanPostProcessor.postProcessPropertyValues(AutowiredAnnotationBeanPostProcessor.java:331)
	... 40 more
Caused by: org.springframework.beans.factory.NoSuchBeanDefinitionException: No qualifying bean of type [dao.interfaces.AuthorDAO] found for dependency: expected at least 1 bean which qualifies as autowire candidate for this dependency. Dependency annotations: {@org.springframework.beans.factory.annotation.Autowired(required=true)}
	at org.springframework.beans.factory.support.DefaultListableBeanFactory.raiseNoSuchBeanDefinitionException(DefaultListableBeanFactory.java:1373)
	at org.springframework.beans.factory.support.DefaultListableBeanFactory.doResolveDependency(DefaultListableBeanFactory.java:1119)
	at org.springframework.beans.factory.support.DefaultListableBeanFactory.resolveDependency(DefaultListableBeanFactory.java:1014)
	at org.springframework.beans.factory.annotation.AutowiredAnnotationBeanPostProcessor$AutowiredFieldElement.inject(AutowiredAnnotationBeanPostProcessor.java:545)
	... 42 more
2016-12-04 22:16:05 INFO  DefaultTestContextBootstrapper:259 - Loaded default TestExecutionListener class names from location [META-INF/spring.factories]: [org.springframework.test.context.web.ServletTestExecutionListener, org.springframework.test.context.support.DirtiesContextBeforeModesTestExecutionListener, org.springframework.test.context.support.DependencyInjectionTestExecutionListener, org.springframework.test.context.support.DirtiesContextTestExecutionListener, org.springframework.test.context.transaction.TransactionalTestExecutionListener, org.springframework.test.context.jdbc.SqlScriptsTestExecutionListener]
2016-12-04 22:16:05 INFO  DefaultTestContextBootstrapper:207 - Could not instantiate TestExecutionListener [org.springframework.test.context.web.ServletTestExecutionListener]. Specify custom listener classes or make the default listener classes (and their required dependencies) available. Offending class: [org/springframework/web/context/request/RequestAttributes]
2016-12-04 22:16:05 INFO  DefaultTestContextBootstrapper:185 - Using TestExecutionListeners: [org.springframework.test.context.support.DirtiesContextBeforeModesTestExecutionListener@1f0f1111, org.springframework.test.context.support.DependencyInjectionTestExecutionListener@49c386c8, org.springframework.test.context.support.DirtiesContextTestExecutionListener@56528192, org.springframework.test.context.transaction.TransactionalTestExecutionListener@6e0dec4a, org.springframework.test.context.jdbc.SqlScriptsTestExecutionListener@96def03]
2016-12-04 22:16:05 INFO  XmlBeanDefinitionReader:317 - Loading XML bean definitions from class path resource [app-test-context.xml]
2016-12-04 22:16:06 INFO  GenericApplicationContext:578 - Refreshing org.springframework.context.support.GenericApplicationContext@41e36e46: startup date [Sun Dec 04 22:16:06 EET 2016]; root of context hierarchy
2016-12-04 22:16:06 INFO  PropertyPlaceholderConfigurer:172 - Loading properties file from class path resource [db-test.properties]
2016-12-04 22:16:07 INFO  DriverManagerDataSource:133 - Loaded JDBC driver: com.mysql.jdbc.Driver
2016-12-04 22:16:07 INFO  LocalContainerEntityManagerFactoryBean:339 - Building JPA container EntityManagerFactory for persistence unit 'default'
2016-12-04 22:16:07 INFO  Version:37 - HCANN000001: Hibernate Commons Annotations {4.0.1.Final}
2016-12-04 22:16:07 INFO  Version:41 - HHH000412: Hibernate Core {4.2.1.Final}
2016-12-04 22:16:07 INFO  Environment:239 - HHH000206: hibernate.properties not found
2016-12-04 22:16:07 INFO  Environment:342 - HHH000021: Bytecode provider name : javassist
2016-12-04 22:16:07 INFO  Ejb3Configuration:528 - HHH000204: Processing PersistenceUnitInfo [
	name: default
	...]
2016-12-04 22:16:08 INFO  ConnectionProviderInitiator:188 - HHH000130: Instantiating explicit connection provider: org.hibernate.ejb.connection.InjectedDataSourceConnectionProvider
2016-12-04 22:16:08 INFO  Dialect:128 - HHH000400: Using dialect: org.hibernate.dialect.MySQL5Dialect
2016-12-04 22:16:08 INFO  TransactionFactoryInitiator:73 - HHH000268: Transaction strategy: org.hibernate.engine.transaction.internal.jdbc.JdbcTransactionFactory
2016-12-04 22:16:08 INFO  ASTQueryTranslatorFactory:48 - HHH000397: Using ASTQueryTranslatorFactory
2016-12-04 22:16:09 INFO  SchemaUpdate:182 - HHH000228: Running hbm2ddl schema update
2016-12-04 22:16:09 INFO  SchemaUpdate:193 - HHH000102: Fetching database metadata
2016-12-04 22:16:09 INFO  SchemaUpdate:205 - HHH000396: Updating schema
2016-12-04 22:16:09 INFO  TableMetadata:65 - HHH000261: Table found: libraryonline.authors
2016-12-04 22:16:09 INFO  TableMetadata:66 - HHH000037: Columns: [name, id]
2016-12-04 22:16:09 INFO  TableMetadata:68 - HHH000108: Foreign keys: []
2016-12-04 22:16:09 INFO  TableMetadata:69 - HHH000126: Indexes: [primary]
2016-12-04 22:16:09 INFO  TableMetadata:65 - HHH000261: Table found: libraryonline.bookauthors
2016-12-04 22:16:09 INFO  TableMetadata:66 - HHH000037: Columns: [book_id, author_id]
2016-12-04 22:16:09 INFO  TableMetadata:68 - HHH000108: Foreign keys: [fk_e1e0107b539640bfb024a98b0b1, fk_4c1ca14aac6b460fbdbc4471ab8]
2016-12-04 22:16:09 INFO  TableMetadata:69 - HHH000126: Indexes: [fk_e1e0107b539640bfb024a98b0b1, fk_4c1ca14aac6b460fbdbc4471ab8]
2016-12-04 22:16:09 INFO  TableMetadata:65 - HHH000261: Table found: libraryonline.books
2016-12-04 22:16:09 INFO  TableMetadata:66 - HHH000037: Columns: [name, id]
2016-12-04 22:16:09 INFO  TableMetadata:68 - HHH000108: Foreign keys: []
2016-12-04 22:16:09 INFO  TableMetadata:69 - HHH000126: Indexes: [primary]
2016-12-04 22:16:09 INFO  SchemaUpdate:242 - HHH000232: Schema update complete
2016-12-04 22:16:19 INFO  root:25 - Before method Author service.AdminController.createAuthor(Author)
2016-12-04 22:16:19 INFO  root:29 - After method Author service.AdminController.createAuthor(Author)
2016-12-04 22:16:19 INFO  root:33 - After returning Author service.AdminController.createAuthor(Author)
2016-12-04 22:16:19 INFO  root:25 - Before method Author service.AdminController.createAuthor(Author)
2016-12-04 22:16:19 INFO  root:29 - After method Author service.AdminController.createAuthor(Author)
2016-12-04 22:16:19 INFO  root:33 - After returning Author service.AdminController.createAuthor(Author)
2016-12-04 22:16:20 INFO  root:25 - Before method Author service.AdminController.createAuthor(Author)
2016-12-04 22:16:20 INFO  root:29 - After method Author service.AdminController.createAuthor(Author)
2016-12-04 22:16:20 INFO  root:33 - After returning Author service.AdminController.createAuthor(Author)
2016-12-04 22:16:20 INFO  root:25 - Before method Author service.AdminController.createAuthor(Author)
2016-12-04 22:16:20 INFO  root:29 - After method Author service.AdminController.createAuthor(Author)
2016-12-04 22:16:20 INFO  root:33 - After returning Author service.AdminController.createAuthor(Author)
2016-12-04 22:16:20 INFO  root:25 - Before method List service.AdminController.getAllAuthors()
2016-12-04 22:16:20 INFO  root:29 - After method List service.AdminController.getAllAuthors()
2016-12-04 22:16:20 INFO  root:33 - After returning List service.AdminController.getAllAuthors()
2016-12-04 22:16:34 INFO  root:25 - Before method Book service.AdminController.createBook(Book)
2016-12-04 22:16:34 INFO  root:29 - After method Book service.AdminController.createBook(Book)
2016-12-04 22:16:34 INFO  root:33 - After returning Book service.AdminController.createBook(Book)
2016-12-04 22:16:35 INFO  root:25 - Before method Book service.AdminController.createBook(Book)
2016-12-04 22:16:35 INFO  root:29 - After method Book service.AdminController.createBook(Book)
2016-12-04 22:16:35 INFO  root:33 - After returning Book service.AdminController.createBook(Book)
2016-12-04 22:16:35 INFO  root:25 - Before method Book service.AdminController.createBook(Book)
2016-12-04 22:16:35 INFO  root:29 - After method Book service.AdminController.createBook(Book)
2016-12-04 22:16:35 INFO  root:33 - After returning Book service.AdminController.createBook(Book)
2016-12-04 22:16:35 INFO  root:25 - Before method Book service.AdminController.createBook(Book)
2016-12-04 22:16:35 INFO  root:29 - After method Book service.AdminController.createBook(Book)
2016-12-04 22:16:35 INFO  root:33 - After returning Book service.AdminController.createBook(Book)
2016-12-04 22:16:36 INFO  root:25 - Before method Book service.AdminController.createBook(Book)
2016-12-04 22:16:36 INFO  root:29 - After method Book service.AdminController.createBook(Book)
2016-12-04 22:16:36 INFO  root:33 - After returning Book service.AdminController.createBook(Book)
2016-12-04 22:16:36 INFO  root:25 - Before method List service.AdminController.getAllBooks()
2016-12-04 22:16:36 INFO  root:29 - After method List service.AdminController.getAllBooks()
2016-12-04 22:16:36 INFO  root:33 - After returning List service.AdminController.getAllBooks()
2016-12-04 22:16:36 INFO  root:25 - Before method List service.AdminController.getAllBooks()
2016-12-04 22:16:36 INFO  root:29 - After method List service.AdminController.getAllBooks()
2016-12-04 22:16:36 INFO  root:33 - After returning List service.AdminController.getAllBooks()
2016-12-04 22:16:36 INFO  GenericApplicationContext:960 - Closing org.springframework.context.support.GenericApplicationContext@41e36e46: startup date [Sun Dec 04 22:16:06 EET 2016]; root of context hierarchy
2016-12-04 22:16:36 INFO  LocalContainerEntityManagerFactoryBean:462 - Closing JPA EntityManagerFactory for persistence unit 'default'
2016-12-04 22:22:54 INFO  DefaultTestContextBootstrapper:259 - Loaded default TestExecutionListener class names from location [META-INF/spring.factories]: [org.springframework.test.context.web.ServletTestExecutionListener, org.springframework.test.context.support.DirtiesContextBeforeModesTestExecutionListener, org.springframework.test.context.support.DependencyInjectionTestExecutionListener, org.springframework.test.context.support.DirtiesContextTestExecutionListener, org.springframework.test.context.transaction.TransactionalTestExecutionListener, org.springframework.test.context.jdbc.SqlScriptsTestExecutionListener]
2016-12-04 22:22:54 INFO  DefaultTestContextBootstrapper:207 - Could not instantiate TestExecutionListener [org.springframework.test.context.web.ServletTestExecutionListener]. Specify custom listener classes or make the default listener classes (and their required dependencies) available. Offending class: [org/springframework/web/context/request/RequestAttributes]
2016-12-04 22:22:54 INFO  DefaultTestContextBootstrapper:185 - Using TestExecutionListeners: [org.springframework.test.context.support.DirtiesContextBeforeModesTestExecutionListener@670002, org.springframework.test.context.support.DependencyInjectionTestExecutionListener@1f0f1111, org.springframework.test.context.support.DirtiesContextTestExecutionListener@49c386c8, org.springframework.test.context.transaction.TransactionalTestExecutionListener@56528192, org.springframework.test.context.jdbc.SqlScriptsTestExecutionListener@6e0dec4a]
2016-12-04 22:22:54 INFO  XmlBeanDefinitionReader:317 - Loading XML bean definitions from class path resource [app-test-context.xml]
2016-12-04 22:22:55 INFO  GenericApplicationContext:578 - Refreshing org.springframework.context.support.GenericApplicationContext@76508ed1: startup date [Sun Dec 04 22:22:55 EET 2016]; root of context hierarchy
2016-12-04 22:22:55 INFO  PropertyPlaceholderConfigurer:172 - Loading properties file from class path resource [db-test.properties]
2016-12-04 22:22:56 INFO  DriverManagerDataSource:133 - Loaded JDBC driver: com.mysql.jdbc.Driver
2016-12-04 22:22:56 INFO  LocalContainerEntityManagerFactoryBean:339 - Building JPA container EntityManagerFactory for persistence unit 'default'
2016-12-04 22:22:57 INFO  Version:37 - HCANN000001: Hibernate Commons Annotations {4.0.1.Final}
2016-12-04 22:22:57 INFO  Version:41 - HHH000412: Hibernate Core {4.2.1.Final}
2016-12-04 22:22:57 INFO  Environment:239 - HHH000206: hibernate.properties not found
2016-12-04 22:22:57 INFO  Environment:342 - HHH000021: Bytecode provider name : javassist
2016-12-04 22:22:57 INFO  Ejb3Configuration:528 - HHH000204: Processing PersistenceUnitInfo [
	name: default
	...]
2016-12-04 22:22:58 INFO  ConnectionProviderInitiator:188 - HHH000130: Instantiating explicit connection provider: org.hibernate.ejb.connection.InjectedDataSourceConnectionProvider
2016-12-04 22:22:58 INFO  Dialect:128 - HHH000400: Using dialect: org.hibernate.dialect.MySQL5Dialect
2016-12-04 22:22:59 INFO  TransactionFactoryInitiator:73 - HHH000268: Transaction strategy: org.hibernate.engine.transaction.internal.jdbc.JdbcTransactionFactory
2016-12-04 22:22:59 INFO  ASTQueryTranslatorFactory:48 - HHH000397: Using ASTQueryTranslatorFactory
2016-12-04 22:22:59 INFO  SchemaUpdate:182 - HHH000228: Running hbm2ddl schema update
2016-12-04 22:22:59 INFO  SchemaUpdate:193 - HHH000102: Fetching database metadata
2016-12-04 22:23:00 INFO  SchemaUpdate:205 - HHH000396: Updating schema
2016-12-04 22:23:00 INFO  DatabaseMetaData:146 - HHH000262: Table not found: authors
2016-12-04 22:23:00 INFO  DatabaseMetaData:146 - HHH000262: Table not found: bookauthors
2016-12-04 22:23:00 INFO  DatabaseMetaData:146 - HHH000262: Table not found: books
2016-12-04 22:23:00 INFO  DatabaseMetaData:146 - HHH000262: Table not found: authors
2016-12-04 22:23:00 INFO  DatabaseMetaData:146 - HHH000262: Table not found: bookauthors
2016-12-04 22:23:00 INFO  DatabaseMetaData:146 - HHH000262: Table not found: books
2016-12-04 22:23:17 INFO  SchemaUpdate:242 - HHH000232: Schema update complete
2016-12-04 22:28:50 INFO  root:25 - Before method Author service.AdminController.createAuthor(Author)
2016-12-04 22:28:50 INFO  root:29 - After method Author service.AdminController.createAuthor(Author)
2016-12-04 22:28:50 INFO  root:33 - After returning Author service.AdminController.createAuthor(Author)
2016-12-04 22:28:50 INFO  root:25 - Before method Author service.AdminController.createAuthor(Author)
2016-12-04 22:28:50 INFO  root:29 - After method Author service.AdminController.createAuthor(Author)
2016-12-04 22:28:50 INFO  root:33 - After returning Author service.AdminController.createAuthor(Author)
2016-12-04 22:28:50 INFO  root:25 - Before method Author service.AdminController.createAuthor(Author)
2016-12-04 22:28:50 INFO  root:29 - After method Author service.AdminController.createAuthor(Author)
2016-12-04 22:28:50 INFO  root:33 - After returning Author service.AdminController.createAuthor(Author)
2016-12-04 22:28:51 INFO  root:25 - Before method Author service.AdminController.createAuthor(Author)
2016-12-04 22:28:51 INFO  root:29 - After method Author service.AdminController.createAuthor(Author)
2016-12-04 22:28:51 INFO  root:33 - After returning Author service.AdminController.createAuthor(Author)
2016-12-04 22:28:51 INFO  root:25 - Before method List service.AdminController.getAllAuthors()
2016-12-04 22:28:51 INFO  root:29 - After method List service.AdminController.getAllAuthors()
2016-12-04 22:28:51 INFO  root:33 - After returning List service.AdminController.getAllAuthors()
2016-12-04 22:29:22 INFO  root:25 - Before method Book service.AdminController.createBook(Book)
2016-12-04 22:29:22 INFO  root:29 - After method Book service.AdminController.createBook(Book)
2016-12-04 22:29:22 INFO  root:33 - After returning Book service.AdminController.createBook(Book)
2016-12-04 22:29:22 INFO  root:25 - Before method Book service.AdminController.createBook(Book)
2016-12-04 22:29:22 INFO  root:29 - After method Book service.AdminController.createBook(Book)
2016-12-04 22:29:22 INFO  root:33 - After returning Book service.AdminController.createBook(Book)
2016-12-04 22:29:23 INFO  root:25 - Before method Book service.AdminController.createBook(Book)
2016-12-04 22:29:23 INFO  root:29 - After method Book service.AdminController.createBook(Book)
2016-12-04 22:29:23 INFO  root:33 - After returning Book service.AdminController.createBook(Book)
2016-12-04 22:29:23 INFO  root:25 - Before method Book service.AdminController.createBook(Book)
2016-12-04 22:29:23 INFO  root:29 - After method Book service.AdminController.createBook(Book)
2016-12-04 22:29:23 INFO  root:33 - After returning Book service.AdminController.createBook(Book)
2016-12-04 22:29:23 INFO  root:25 - Before method Book service.AdminController.createBook(Book)
2016-12-04 22:29:23 INFO  root:29 - After method Book service.AdminController.createBook(Book)
2016-12-04 22:29:23 INFO  root:33 - After returning Book service.AdminController.createBook(Book)
2016-12-04 22:29:23 INFO  root:25 - Before method List service.AdminController.getAllBooks()
2016-12-04 22:29:23 INFO  root:29 - After method List service.AdminController.getAllBooks()
2016-12-04 22:29:23 INFO  root:33 - After returning List service.AdminController.getAllBooks()
2016-12-04 22:29:23 INFO  root:25 - Before method List service.AdminController.getAllBooks()
2016-12-04 22:29:23 INFO  root:29 - After method List service.AdminController.getAllBooks()
2016-12-04 22:29:23 INFO  root:33 - After returning List service.AdminController.getAllBooks()
2016-12-04 22:29:23 INFO  GenericApplicationContext:960 - Closing org.springframework.context.support.GenericApplicationContext@76508ed1: startup date [Sun Dec 04 22:22:55 EET 2016]; root of context hierarchy
2016-12-04 22:29:23 INFO  LocalContainerEntityManagerFactoryBean:462 - Closing JPA EntityManagerFactory for persistence unit 'default'
